"../../../Engine/Content/EditorResources/S_Actor.ubulk" 0
"../../../Engine/Content/EditorResources/S_Actor.uasset" 1
"../../../Engine/Content/EditorResources/S_Actor.uexp" 2
"../../../Engine/Content/EditorResources/S_BoxReflectionCapture.uasset" 3
"../../../Engine/Content/EditorResources/S_BoxReflectionCapture.uexp" 4
"../../../Engine/Content/EngineResources/DefaultTexture.ubulk" 5
"../../../Engine/Content/EngineResources/DefaultTexture.uasset" 6
"../../../Engine/Content/EngineResources/DefaultTexture.uexp" 7
"../../../Engine/Content/EngineResources/DefaultTextureCube.uasset" 8
"../../../Engine/Content/EngineResources/DefaultTextureCube.uexp" 9
"../../../Engine/Content/EngineResources/DefaultVolumeTexture2D.uasset" 10
"../../../Engine/Content/EngineResources/DefaultVolumeTexture2D.uexp" 11
"../../../Engine/Content/EngineResources/DefaultVolumeTexture.uasset" 12
"../../../Engine/Content/EngineResources/DefaultVolumeTexture.uexp" 13
"../../../Engine/Content/EditorResources/S_Trigger.ubulk" 14
"../../../Engine/Content/EditorResources/S_Trigger.uasset" 15
"../../../Engine/Content/EditorResources/S_Trigger.uexp" 16
"../../../Engine/Content/EditorResources/S_TriggerBox.uasset" 17
"../../../Engine/Content/EditorResources/S_TriggerBox.uexp" 18
"../../../Engine/Content/EditorResources/S_TriggerCapsule.uasset" 19
"../../../Engine/Content/EditorResources/S_TriggerCapsule.uexp" 20
"../../../Engine/Content/EditorResources/S_TriggerSphere.uasset" 21
"../../../Engine/Content/EditorResources/S_TriggerSphere.uexp" 22
"../../../Engine/Content/EngineMeshes/Sphere.ubulk" 23
"../../../Engine/Content/EngineMeshes/Sphere.uasset" 24
"../../../Engine/Content/EngineMeshes/Sphere.uexp" 25
"../../../Engine/Content/EngineResources/GradientTexture0.uasset" 26
"../../../Engine/Content/EngineResources/GradientTexture0.uexp" 27
"../../../Engine/Content/EngineResources/Black.uasset" 28
"../../../Engine/Content/EngineResources/Black.uexp" 29
"../../../Engine/Content/VREditor/LaserPointer/VR_LaserPower_01.ubulk" 30
"../../../Engine/Content/VREditor/LaserPointer/VR_LaserPower_01.uasset" 31
"../../../Engine/Content/VREditor/LaserPointer/VR_LaserPower_01.uexp" 32
"../../../Engine/Content/VREditor/TransformGizmo/TransformGizmoMaterial.uasset" 33
"../../../Engine/Content/VREditor/TransformGizmo/TransformGizmoMaterial.uexp" 34
"../../../Engine/Content/VREditor/TransformGizmo/TranslucentTransformGizmoMaterial.uasset" 35
"../../../Engine/Content/VREditor/TransformGizmo/TranslucentTransformGizmoMaterial.uexp" 36
"../../../Engine/Content/VREditor/TransformGizmo/PlaneTranslationHandle.ubulk" 37
"../../../Engine/Content/VREditor/TransformGizmo/PlaneTranslationHandle.uasset" 38
"../../../Engine/Content/VREditor/TransformGizmo/PlaneTranslationHandle.uexp" 39
"../../../Engine/Content/VREditor/TransformGizmo/BoundingBoxCorner.ubulk" 40
"../../../Engine/Content/VREditor/TransformGizmo/BoundingBoxCorner.uasset" 41
"../../../Engine/Content/VREditor/TransformGizmo/BoundingBoxCorner.uexp" 42
"../../../Engine/Content/VREditor/TransformGizmo/BoundingBoxEdge.ubulk" 43
"../../../Engine/Content/VREditor/TransformGizmo/BoundingBoxEdge.uasset" 44
"../../../Engine/Content/VREditor/TransformGizmo/BoundingBoxEdge.uexp" 45
"../../../Engine/Content/VREditor/TransformGizmo/Main.uasset" 46
"../../../Engine/Content/VREditor/TransformGizmo/Main.uexp" 47
"../../../Engine/Content/VREditor/TransformGizmo/Xray.uasset" 48
"../../../Engine/Content/VREditor/TransformGizmo/Xray.uexp" 49
"../../../Engine/Content/VREditor/TransformGizmo/SM_Sequencer_Node.ubulk" 50
"../../../Engine/Content/VREditor/TransformGizmo/SM_Sequencer_Node.uasset" 51
"../../../Engine/Content/VREditor/TransformGizmo/SM_Sequencer_Node.uexp" 52
"../../../Engine/Content/EditorMaterials/Camera/CineMat.uasset" 53
"../../../Engine/Content/EditorMaterials/Camera/CineMat.uexp" 54
"../../../Engine/Content/EditorMaterials/Camera/MI_CineMat_Rig.uasset" 55
"../../../Engine/Content/EditorMaterials/Camera/MI_CineMat_Rig.uexp" 56
"../../../Engine/Content/EditorMeshes/Camera/SM_CraneRig_Base.ubulk" 57
"../../../Engine/Content/EditorMeshes/Camera/SM_CraneRig_Base.uasset" 58
"../../../Engine/Content/EditorMeshes/Camera/SM_CraneRig_Base.uexp" 59
"../../../Engine/Content/EditorMeshes/Camera/SM_CraneRig_Arm.ubulk" 60
"../../../Engine/Content/EditorMeshes/Camera/SM_CraneRig_Arm.uasset" 61
"../../../Engine/Content/EditorMeshes/Camera/SM_CraneRig_Arm.uexp" 62
"../../../Engine/Content/EditorMeshes/Camera/SM_CraneRig_Mount.ubulk" 63
"../../../Engine/Content/EditorMeshes/Camera/SM_CraneRig_Mount.uasset" 64
"../../../Engine/Content/EditorMeshes/Camera/SM_CraneRig_Mount.uexp" 65
"../../../Engine/Content/EditorMeshes/Camera/SM_CraneRig_Body.ubulk" 66
"../../../Engine/Content/EditorMeshes/Camera/SM_CraneRig_Body.uasset" 67
"../../../Engine/Content/EditorMeshes/Camera/SM_CraneRig_Body.uexp" 68
"../../../Engine/Content/EditorMeshes/Camera/SM_RailRig_Track.ubulk" 69
"../../../Engine/Content/EditorMeshes/Camera/SM_RailRig_Track.uasset" 70
"../../../Engine/Content/EditorMeshes/Camera/SM_RailRig_Track.uexp" 71
"../../../Engine/Content/EditorMeshes/Camera/SM_RailRig_Mount.ubulk" 72
"../../../Engine/Content/EditorMeshes/Camera/SM_RailRig_Mount.uasset" 73
"../../../Engine/Content/EditorMeshes/Camera/SM_RailRig_Mount.uexp" 74
"../../../Engine/Content/EngineMaterials/T_Default_Material_Grid_M.ubulk" 75
"../../../Engine/Content/EngineMaterials/T_Default_Material_Grid_M.uasset" 76
"../../../Engine/Content/EngineMaterials/T_Default_Material_Grid_M.uexp" 77
"../../../Engine/Content/EngineMaterials/T_Default_Material_Grid_N.ubulk" 78
"../../../Engine/Content/EngineMaterials/T_Default_Material_Grid_N.uasset" 79
"../../../Engine/Content/EngineMaterials/T_Default_Material_Grid_N.uexp" 80
"../../../Engine/Content/Functions/Engine_MaterialFunctions01/Opacity/CameraDepthFade.uasset" 81
"../../../Engine/Content/Functions/Engine_MaterialFunctions01/Opacity/CameraDepthFade.uexp" 82
"../../../Engine/Content/EngineMaterials/WorldGridMaterial.uasset" 83
"../../../Engine/Content/EngineMaterials/WorldGridMaterial.uexp" 84
"../../../Engine/Content/ArtTools/RenderToTexture/Meshes/S_1_Unit_Plane.ubulk" 85
"../../../Engine/Content/ArtTools/RenderToTexture/Meshes/S_1_Unit_Plane.uasset" 86
"../../../Engine/Content/ArtTools/RenderToTexture/Meshes/S_1_Unit_Plane.uexp" 87
"../../../Engine/Content/EditorMaterials/ParticleSystems/PSysThumbnail_NoImage.ubulk" 88
"../../../Engine/Content/EditorMaterials/ParticleSystems/PSysThumbnail_NoImage.uasset" 89
"../../../Engine/Content/EditorMaterials/ParticleSystems/PSysThumbnail_NoImage.uexp" 90
"../../../Engine/Content/EditorMaterials/ParticleSystems/PSysThumbnail_OOD.ubulk" 91
"../../../Engine/Content/EditorMaterials/ParticleSystems/PSysThumbnail_OOD.uasset" 92
"../../../Engine/Content/EditorMaterials/ParticleSystems/PSysThumbnail_OOD.uexp" 93
"../../../Engine/Content/EditorLandscapeResources/SplineEditorMeshMat.uasset" 94
"../../../Engine/Content/EditorLandscapeResources/SplineEditorMeshMat.uexp" 95
"../../../Engine/Content/EditorLandscapeResources/SplineEditorMesh.ubulk" 96
"../../../Engine/Content/EditorLandscapeResources/SplineEditorMesh.uasset" 97
"../../../Engine/Content/EditorLandscapeResources/SplineEditorMesh.uexp" 98
"../../../Engine/Content/EditorResources/S_Solver.ubulk" 99
"../../../Engine/Content/EditorResources/S_Solver.uasset" 100
"../../../Engine/Content/EditorResources/S_Solver.uexp" 101
"../../../Engine/Plugins/Media/MediaPlate/Content/SM_MediaPlateScreen.ubulk" 102
"../../../Engine/Plugins/Media/MediaPlate/Content/SM_MediaPlateScreen.uasset" 103
"../../../Engine/Plugins/Media/MediaPlate/Content/SM_MediaPlateScreen.uexp" 104
"../../../Engine/Content/EngineMaterials/Good64x64TilingNoiseHighFreq.uasset" 105
"../../../Engine/Content/EngineMaterials/Good64x64TilingNoiseHighFreq.uexp" 106
"../../../Engine/Content/EngineMaterials/DefaultBokeh.uasset" 107
"../../../Engine/Content/EngineMaterials/DefaultBokeh.uexp" 108
"../../../Engine/Content/EngineMaterials/PreintegratedSkinBRDF.uasset" 109
"../../../Engine/Content/EngineMaterials/PreintegratedSkinBRDF.uexp" 110
"../../../Engine/Content/EngineMaterials/MiniFont.uasset" 111
"../../../Engine/Content/EngineMaterials/MiniFont.uexp" 112
"../../../Engine/Content/EngineMaterials/WeightMapPlaceholderTexture.uasset" 113
"../../../Engine/Content/EngineMaterials/WeightMapPlaceholderTexture.uexp" 114
"../../../Engine/Content/EngineMaterials/DefaultWhiteGrid.ubulk" 115
"../../../Engine/Content/EngineMaterials/DefaultWhiteGrid.uasset" 116
"../../../Engine/Content/EngineMaterials/DefaultWhiteGrid.uexp" 117
"C:/Users/Maximo Gossen/Documents/Unreal Projects/MissionX/Content/Max/male_Skeleton.uasset" 118
"C:/Users/Maximo Gossen/Documents/Unreal Projects/MissionX/Content/Max/male_Skeleton.uexp" 119
"../../../Engine/Content/Animation/DefaultAnimCurveCompressionSettings.uasset" 120
"../../../Engine/Content/Animation/DefaultAnimCurveCompressionSettings.uexp" 121
"../../../Engine/Content/Animation/DefaultAnimBoneCompressionSettings.uasset" 122
"../../../Engine/Content/Animation/DefaultAnimBoneCompressionSettings.uexp" 123
"C:/Users/Maximo Gossen/Documents/Unreal Projects/MissionX/Content/Max/Pistol_Idle.uasset" 124
"C:/Users/Maximo Gossen/Documents/Unreal Projects/MissionX/Content/Max/Pistol_Idle.uexp" 125
"C:/Users/Maximo Gossen/Documents/Unreal Projects/MissionX/Content/Max/Pistol_Run.uasset" 126
"C:/Users/Maximo Gossen/Documents/Unreal Projects/MissionX/Content/Max/Pistol_Run.uexp" 127
"C:/Users/Maximo Gossen/Documents/Unreal Projects/MissionX/Content/Max/Pistol_Run_Backward.uasset" 128
"C:/Users/Maximo Gossen/Documents/Unreal Projects/MissionX/Content/Max/Pistol_Run_Backward.uexp" 129
"C:/Users/Maximo Gossen/Documents/Unreal Projects/MissionX/Content/Max/Pistol_Strafe__1_.uasset" 130
"C:/Users/Maximo Gossen/Documents/Unreal Projects/MissionX/Content/Max/Pistol_Strafe__1_.uexp" 131
"C:/Users/Maximo Gossen/Documents/Unreal Projects/MissionX/Content/Max/Pistol_Strafe.uasset" 132
"C:/Users/Maximo Gossen/Documents/Unreal Projects/MissionX/Content/Max/Pistol_Strafe.uexp" 133
"C:/Users/Maximo Gossen/Documents/Unreal Projects/MissionX/Content/Max/Max_BS.uasset" 134
"C:/Users/Maximo Gossen/Documents/Unreal Projects/MissionX/Content/Max/Max_BS.uexp" 135
"../../../Engine/Content/EditorBlueprintResources/StandardMacros.uasset" 136
"../../../Engine/Content/EditorBlueprintResources/StandardMacros.uexp" 137
"C:/Users/Maximo Gossen/Documents/Unreal Projects/MissionX/Content/Max/Max_Animbp.uasset" 138
"C:/Users/Maximo Gossen/Documents/Unreal Projects/MissionX/Content/Max/Max_Animbp.uexp" 139
"C:/Users/Maximo Gossen/Documents/Unreal Projects/MissionX/Content/Max/Hair_001.uasset" 140
"C:/Users/Maximo Gossen/Documents/Unreal Projects/MissionX/Content/Max/Hair_001.uexp" 141
"C:/Users/Maximo Gossen/Documents/Unreal Projects/MissionX/Content/Max/Shoes_001.uasset" 142
"C:/Users/Maximo Gossen/Documents/Unreal Projects/MissionX/Content/Max/Shoes_001.uexp" 143
"C:/Users/Maximo Gossen/Documents/Unreal Projects/MissionX/Content/Max/Skin_001.uasset" 144
"C:/Users/Maximo Gossen/Documents/Unreal Projects/MissionX/Content/Max/Skin_001.uexp" 145
"C:/Users/Maximo Gossen/Documents/Unreal Projects/MissionX/Content/Max/Socks_001.uasset" 146
"C:/Users/Maximo Gossen/Documents/Unreal Projects/MissionX/Content/Max/Socks_001.uexp" 147
"C:/Users/Maximo Gossen/Documents/Unreal Projects/MissionX/Content/Max/Pants_001.uasset" 148
"C:/Users/Maximo Gossen/Documents/Unreal Projects/MissionX/Content/Max/Pants_001.uexp" 149
"C:/Users/Maximo Gossen/Documents/Unreal Projects/MissionX/Content/Max/male_PhysicsAsset.uasset" 150
"C:/Users/Maximo Gossen/Documents/Unreal Projects/MissionX/Content/Max/male_PhysicsAsset.uexp" 151
"C:/Users/Maximo Gossen/Documents/Unreal Projects/MissionX/Content/Max/Shirt2_001.uasset" 152
"C:/Users/Maximo Gossen/Documents/Unreal Projects/MissionX/Content/Max/Shirt2_001.uexp" 153
"C:/Users/Maximo Gossen/Documents/Unreal Projects/MissionX/Content/Max/Hair2_001.uasset" 154
"C:/Users/Maximo Gossen/Documents/Unreal Projects/MissionX/Content/Max/Hair2_001.uexp" 155
"C:/Users/Maximo Gossen/Documents/Unreal Projects/MissionX/Content/Max/Shirt_001.uasset" 156
"C:/Users/Maximo Gossen/Documents/Unreal Projects/MissionX/Content/Max/Shirt_001.uexp" 157
"C:/Users/Maximo Gossen/Documents/Unreal Projects/MissionX/Content/Max/Eyes_001.uasset" 158
"C:/Users/Maximo Gossen/Documents/Unreal Projects/MissionX/Content/Max/Eyes_001.uexp" 159
"C:/Users/Maximo Gossen/Documents/Unreal Projects/MissionX/Content/Max/male.uasset" 160
"C:/Users/Maximo Gossen/Documents/Unreal Projects/MissionX/Content/Max/male.uexp" 161
"C:/Users/Maximo Gossen/Documents/Unreal Projects/MissionX/Content/TopDown/Input/Actions/IA_SetDestination_Touch.uasset" 162
"C:/Users/Maximo Gossen/Documents/Unreal Projects/MissionX/Content/TopDown/Input/Actions/IA_SetDestination_Touch.uexp" 163
"C:/Users/Maximo Gossen/Documents/Unreal Projects/MissionX/Content/TopDown/Input/Actions/IA_SetDestination_Click.uasset" 164
"C:/Users/Maximo Gossen/Documents/Unreal Projects/MissionX/Content/TopDown/Input/Actions/IA_SetDestination_Click.uexp" 165
"C:/Users/Maximo Gossen/Documents/Unreal Projects/MissionX/Content/TopDown/Input/Actions/IA_Fire.uasset" 166
"C:/Users/Maximo Gossen/Documents/Unreal Projects/MissionX/Content/TopDown/Input/Actions/IA_Fire.uexp" 167
"C:/Users/Maximo Gossen/Documents/Unreal Projects/MissionX/Content/TopDown/Input/Actions/IA_Move.uasset" 168
"C:/Users/Maximo Gossen/Documents/Unreal Projects/MissionX/Content/TopDown/Input/Actions/IA_Move.uexp" 169
"C:/Users/Maximo Gossen/Documents/Unreal Projects/MissionX/Content/TopDown/Input/IMC_Default.uasset" 170
"C:/Users/Maximo Gossen/Documents/Unreal Projects/MissionX/Content/TopDown/Input/IMC_Default.uexp" 171
"C:/Users/Maximo Gossen/Documents/Unreal Projects/MissionX/Content/UI/BloodOverlay.uasset" 172
"C:/Users/Maximo Gossen/Documents/Unreal Projects/MissionX/Content/UI/BloodOverlay.uexp" 173
"C:/Users/Maximo Gossen/Documents/Unreal Projects/MissionX/Content/TopDown/Blueprints/PlayerHud_WB.uasset" 174
"C:/Users/Maximo Gossen/Documents/Unreal Projects/MissionX/Content/TopDown/Blueprints/PlayerHud_WB.uexp" 175
"../../../Engine/Content/Functions/Engine_MaterialFunctions01/Shading/ConvertFromDiffSpec.uasset" 176
"../../../Engine/Content/Functions/Engine_MaterialFunctions01/Shading/ConvertFromDiffSpec.uexp" 177
"C:/Users/Maximo Gossen/Documents/Unreal Projects/MissionX/Content/Gun/blinn2SG.uasset" 178
"C:/Users/Maximo Gossen/Documents/Unreal Projects/MissionX/Content/Gun/blinn2SG.uexp" 179
"C:/Users/Maximo Gossen/Documents/Unreal Projects/MissionX/Content/Gun/bullet.ubulk" 180
"C:/Users/Maximo Gossen/Documents/Unreal Projects/MissionX/Content/Gun/bullet.uasset" 181
"C:/Users/Maximo Gossen/Documents/Unreal Projects/MissionX/Content/Gun/bullet.uexp" 182
"C:/Users/Maximo Gossen/Documents/Unreal Projects/MissionX/Content/Gun/Bullet_BP.uasset" 183
"C:/Users/Maximo Gossen/Documents/Unreal Projects/MissionX/Content/Gun/Bullet_BP.uexp" 184
"C:/Users/Maximo Gossen/Documents/Unreal Projects/MissionX/Content/TopDown/Blueprints/pistol.ubulk" 185
"C:/Users/Maximo Gossen/Documents/Unreal Projects/MissionX/Content/TopDown/Blueprints/pistol.uasset" 186
"C:/Users/Maximo Gossen/Documents/Unreal Projects/MissionX/Content/TopDown/Blueprints/pistol.uexp" 187
"C:/Users/Maximo Gossen/Documents/Unreal Projects/MissionX/Content/Gun/GunBlack.uasset" 188
"C:/Users/Maximo Gossen/Documents/Unreal Projects/MissionX/Content/Gun/GunBlack.uexp" 189
"C:/Users/Maximo Gossen/Documents/Unreal Projects/MissionX/Content/Gun/pistol.ubulk" 190
"C:/Users/Maximo Gossen/Documents/Unreal Projects/MissionX/Content/Gun/pistol.uasset" 191
"C:/Users/Maximo Gossen/Documents/Unreal Projects/MissionX/Content/Gun/pistol.uexp" 192
"C:/Users/Maximo Gossen/Documents/Unreal Projects/MissionX/Content/Gun/Gun_BP.uasset" 193
"C:/Users/Maximo Gossen/Documents/Unreal Projects/MissionX/Content/Gun/Gun_BP.uexp" 194
"C:/Users/Maximo Gossen/Documents/Unreal Projects/MissionX/Content/UI/Gameoverscreen_WB.uasset" 195
"C:/Users/Maximo Gossen/Documents/Unreal Projects/MissionX/Content/UI/Gameoverscreen_WB.uexp" 196
"C:/Users/Maximo Gossen/Documents/Unreal Projects/MissionX/Content/TopDown/Blueprints/BP_TopDownCharacter.uasset" 197
"C:/Users/Maximo Gossen/Documents/Unreal Projects/MissionX/Content/TopDown/Blueprints/BP_TopDownCharacter.uexp" 198
"C:/Users/Maximo Gossen/Documents/Unreal Projects/MissionX/Content/TopDown/Blueprints/BP_TopDownGameMode.uasset" 199
"C:/Users/Maximo Gossen/Documents/Unreal Projects/MissionX/Content/TopDown/Blueprints/BP_TopDownGameMode.uexp" 200
"../../../Engine/Content/Animation/DefaultRecorderBoneCompression.uasset" 201
"../../../Engine/Content/Animation/DefaultRecorderBoneCompression.uexp" 202
"../../../Engine/Content/EngineMaterials/DefaultMaterial.uasset" 203
"../../../Engine/Content/EngineMaterials/DefaultMaterial.uexp" 204
"../../../Engine/Content/BasicShapes/Sphere.ubulk" 205
"../../../Engine/Content/BasicShapes/Sphere.uasset" 206
"../../../Engine/Content/BasicShapes/Sphere.uexp" 207
"../../../Engine/Content/BasicShapes/Plane.ubulk" 208
"../../../Engine/Content/BasicShapes/Plane.uasset" 209
"../../../Engine/Content/BasicShapes/Plane.uexp" 210
"../../../Engine/Content/BasicShapes/Cylinder.ubulk" 211
"../../../Engine/Content/BasicShapes/Cylinder.uasset" 212
"../../../Engine/Content/BasicShapes/Cylinder.uexp" 213
"../../../Engine/Content/BasicShapes/Cube.ubulk" 214
"../../../Engine/Content/BasicShapes/Cube.uasset" 215
"../../../Engine/Content/BasicShapes/Cube.uexp" 216
"../../../Engine/Content/BasicShapes/Cone.ubulk" 217
"../../../Engine/Content/BasicShapes/Cone.uasset" 218
"../../../Engine/Content/BasicShapes/Cone.uexp" 219
"../../../Engine/Content/EditorLandscapeResources/DefaultAlphaTexture.uasset" 220
"../../../Engine/Content/EditorLandscapeResources/DefaultAlphaTexture.uexp" 221
"../../../Engine/Content/EditorLandscapeResources/DataLayer.uasset" 222
"../../../Engine/Content/EditorLandscapeResources/DataLayer.uexp" 223
"../../../Engine/Content/EditorMaterials/PreviewShadowIndicator.ubulk" 224
"../../../Engine/Content/EditorMaterials/PreviewShadowIndicator.uasset" 225
"../../../Engine/Content/EditorMaterials/PreviewShadowIndicator.uexp" 226
"../../../Engine/Content/EditorMaterials/PreviewShadowIndicatorMaterial.uasset" 227
"../../../Engine/Content/EditorMaterials/PreviewShadowIndicatorMaterial.uexp" 228
"../../../Engine/Content/EditorMaterials/PhAT_UnselectedMaterial.uasset" 229
"../../../Engine/Content/EditorMaterials/PhAT_UnselectedMaterial.uexp" 230
"../../../Engine/Content/EditorMaterials/PhAT_NoCollisionMaterial.uasset" 231
"../../../Engine/Content/EditorMaterials/PhAT_NoCollisionMaterial.uexp" 232
"../../../Engine/Content/Functions/Engine_MaterialFunctions02/Utility/MakeFloat4.uasset" 233
"../../../Engine/Content/Functions/Engine_MaterialFunctions02/Utility/MakeFloat4.uexp" 234
"../../../Engine/Content/Functions/Engine_MaterialFunctions02/Utility/MakeFloat3.uasset" 235
"../../../Engine/Content/Functions/Engine_MaterialFunctions02/Utility/MakeFloat3.uexp" 236
"../../../Engine/Content/Functions/Engine_MaterialFunctions02/Utility/BreakOutFloat3Components.uasset" 237
"../../../Engine/Content/Functions/Engine_MaterialFunctions02/Utility/BreakOutFloat3Components.uexp" 238
"../../../Engine/Content/EditorMaterials/WorldPartition/WorldPartitionSpatialHashGridPreviewMaterial.uasset" 239
"../../../Engine/Content/EditorMaterials/WorldPartition/WorldPartitionSpatialHashGridPreviewMaterial.uexp" 240
"../../../Engine/Plugins/Runtime/MeshModelingToolset/Content/Materials/M_DynamicMeshComponentVtxColor.uasset" 241
"../../../Engine/Plugins/Runtime/MeshModelingToolset/Content/Materials/M_DynamicMeshComponentVtxColor.uexp" 242
"../../../Engine/Content/EditorResources/S_Terrain.ubulk" 243
"../../../Engine/Content/EditorResources/S_Terrain.uasset" 244
"../../../Engine/Content/EditorResources/S_Terrain.uexp" 245
"../../../Engine/Content/EditorResources/BSPVertex.uasset" 246
"../../../Engine/Content/EditorResources/BSPVertex.uexp" 247
"../../../Engine/Content/EditorResources/SequenceRecorder/RecordingIndicator.uasset" 248
"../../../Engine/Content/EditorResources/SequenceRecorder/RecordingIndicator.uexp" 249
"../../../Engine/Content/EditorResources/SequenceRecorder/Countdown.uasset" 250
"../../../Engine/Content/EditorResources/SequenceRecorder/Countdown.uexp" 251
"../../../Engine/Content/EngineDamageTypes/DmgTypeBP_Environmental.uasset" 252
"../../../Engine/Content/EngineDamageTypes/DmgTypeBP_Environmental.uexp" 253
"../../../Engine/Content/Functions/Engine_MaterialFunctions02/Utility/CameraDirectionVector.uasset" 254
"../../../Engine/Content/Functions/Engine_MaterialFunctions02/Utility/CameraDirectionVector.uexp" 255
"../../../Engine/Content/EngineDebugMaterials/VolumeToRender.uasset" 256
"../../../Engine/Content/EngineDebugMaterials/VolumeToRender.uexp" 257
"../../../Engine/Content/EngineDebugMaterials/M_VolumeRenderSphereTracePP.uasset" 258
"../../../Engine/Content/EngineDebugMaterials/M_VolumeRenderSphereTracePP.uexp" 259
"../../../Engine/Content/EngineDebugMaterials/M_SimpleUnlitTranslucent.uasset" 260
"../../../Engine/Content/EngineDebugMaterials/M_SimpleUnlitTranslucent.uexp" 261
"../../../Engine/Content/EngineDebugMaterials/DebugMeshMaterial.uasset" 262
"../../../Engine/Content/EngineDebugMaterials/DebugMeshMaterial.uexp" 263
"../../../Engine/Content/EngineDebugMaterials/DebugEditorMaterial.uasset" 264
"../../../Engine/Content/EngineDebugMaterials/DebugEditorMaterial.uexp" 265
"../../../Engine/Content/EngineFonts/Faces/RobotoLight.uexp" 266
"../../../Engine/Content/EngineFonts/Faces/RobotoLight.uasset" 267
"../../../Engine/Content/EngineFonts/Faces/RobotoLight.ufont" 268
"../../../Engine/Content/EngineFonts/Faces/RobotoBold.uexp" 269
"../../../Engine/Content/EngineFonts/Faces/RobotoBold.uasset" 270
"../../../Engine/Content/EngineFonts/Faces/RobotoBold.ufont" 271
"../../../Engine/Content/EngineFonts/Faces/RobotoRegular.uexp" 272
"../../../Engine/Content/EngineFonts/Faces/RobotoRegular.uasset" 273
"../../../Engine/Content/EngineFonts/Faces/RobotoRegular.ufont" 274
"../../../Engine/Content/EngineFonts/Faces/DroidSansFallback.uexp" 275
"../../../Engine/Content/EngineFonts/Faces/DroidSansFallback.uasset" 276
"../../../Engine/Content/EngineFonts/Faces/DroidSansFallback.ufont" 277
"../../../Engine/Content/EngineFonts/Faces/RobotoItalic.uexp" 278
"../../../Engine/Content/EngineFonts/Faces/RobotoItalic.uasset" 279
"../../../Engine/Content/EngineFonts/Faces/RobotoItalic.ufont" 280
"../../../Engine/Content/EngineFonts/Faces/RobotoBoldItalic.uexp" 281
"../../../Engine/Content/EngineFonts/Faces/RobotoBoldItalic.uasset" 282
"../../../Engine/Content/EngineFonts/Faces/RobotoBoldItalic.ufont" 283
"../../../Engine/Content/EngineFonts/Roboto.uasset" 284
"../../../Engine/Content/EngineFonts/Roboto.uexp" 285
"../../../Engine/Content/EngineResources/WhiteSquareTexture.uasset" 286
"../../../Engine/Content/EngineResources/WhiteSquareTexture.uexp" 287
"../../../Engine/Content/EngineMaterials/Widget3DPassThrough.uasset" 288
"../../../Engine/Content/EngineMaterials/Widget3DPassThrough.uexp" 289
"../../../Engine/Content/EngineMaterials/Widget3DPassThrough_Translucent.uasset" 290
"../../../Engine/Content/EngineMaterials/Widget3DPassThrough_Translucent.uexp" 291
"../../../Engine/Content/EngineMaterials/Widget3DPassThrough_Translucent_OneSided.uasset" 292
"../../../Engine/Content/EngineMaterials/Widget3DPassThrough_Translucent_OneSided.uexp" 293
"../../../Engine/Content/EngineMaterials/Widget3DPassThrough_Opaque.uasset" 294
"../../../Engine/Content/EngineMaterials/Widget3DPassThrough_Opaque.uexp" 295
"../../../Engine/Content/EngineMaterials/Widget3DPassThrough_Opaque_OneSided.uasset" 296
"../../../Engine/Content/EngineMaterials/Widget3DPassThrough_Opaque_OneSided.uexp" 297
"../../../Engine/Content/EngineMaterials/Widget3DPassThrough_Masked_OneSided.uasset" 298
"../../../Engine/Content/EngineMaterials/Widget3DPassThrough_Masked_OneSided.uexp" 299
"../../../Engine/Content/EngineMaterials/Widget3DPassThrough_Masked.uasset" 300
"../../../Engine/Content/EngineMaterials/Widget3DPassThrough_Masked.uexp" 301
"../../../Engine/Plugins/Interchange/Runtime/Content/Pipelines/DefaultMaterialPipeline.uasset" 302
"../../../Engine/Plugins/Interchange/Runtime/Content/Pipelines/DefaultMaterialPipeline.uexp" 303
"../../../Engine/Content/EngineMaterials/STBlueNoise_vec2_128x128x64.uasset" 304
"../../../Engine/Content/EngineMaterials/STBlueNoise_vec2_128x128x64.uexp" 305
"../../../Engine/Content/EngineMaterials/STBlueNoise_scalar_128x128x64.uasset" 306
"../../../Engine/Content/EngineMaterials/STBlueNoise_scalar_128x128x64.uexp" 307
"../../../Engine/Content/EngineMaterials/RemoveSurfaceMaterial.uasset" 308
"../../../Engine/Content/EngineMaterials/RemoveSurfaceMaterial.uexp" 309
"../../../Engine/Plugins/Interchange/Runtime/Content/Pipelines/DefaultAssetsPipeline.uasset" 310
"../../../Engine/Plugins/Interchange/Runtime/Content/Pipelines/DefaultAssetsPipeline.uexp" 311
"../../../Engine/Content/EngineMaterials/DefaultCalibrationGrayscale.uasset" 312
"../../../Engine/Content/EngineMaterials/DefaultCalibrationGrayscale.uexp" 313
"../../../Engine/Content/EngineMaterials/PPM_DefaultCalibrationGrayscale.uasset" 314
"../../../Engine/Content/EngineMaterials/PPM_DefaultCalibrationGrayscale.uexp" 315
"../../../Engine/Content/EngineMaterials/DefaultCalibrationColor.uasset" 316
"../../../Engine/Content/EngineMaterials/DefaultCalibrationColor.uexp" 317
"../../../Engine/Content/EngineMaterials/PPM_DefaultCalibrationColor.uasset" 318
"../../../Engine/Content/EngineMaterials/PPM_DefaultCalibrationColor.uexp" 319
"../../../Engine/Content/Functions/Engine_MaterialFunctions02/WorldPositionOffset/CameraOffset.uasset" 320
"../../../Engine/Content/Functions/Engine_MaterialFunctions02/WorldPositionOffset/CameraOffset.uexp" 321
"../../../Engine/Content/EngineMaterials/PhAT_JointLimitMaterial.uasset" 322
"../../../Engine/Content/EngineMaterials/PhAT_JointLimitMaterial.uexp" 323
"../../../Engine/Content/EngineMaterials/InvalidLightmapSettings.ubulk" 324
"../../../Engine/Content/EngineMaterials/InvalidLightmapSettings.uasset" 325
"../../../Engine/Content/EngineMaterials/InvalidLightmapSettings.uexp" 326
"../../../Engine/Content/EngineMaterials/M_InvalidLightmapSettings.uasset" 327
"../../../Engine/Content/EngineMaterials/M_InvalidLightmapSettings.uexp" 328
"../../../Engine/Content/EngineMaterials/GizmoMaterial.uasset" 329
"../../../Engine/Content/EngineMaterials/GizmoMaterial.uexp" 330
"../../../Engine/Content/EngineMaterials/BaseFlattenEmissiveMap_VT.uasset" 331
"../../../Engine/Content/EngineMaterials/BaseFlattenEmissiveMap_VT.uexp" 332
"../../../Engine/Content/EngineMaterials/BaseFlattenGrayscaleMap_VT.uasset" 333
"../../../Engine/Content/EngineMaterials/BaseFlattenGrayscaleMap_VT.uexp" 334
"../../../Engine/Content/EngineMaterials/BaseFlattenLinearColor_VT.uasset" 335
"../../../Engine/Content/EngineMaterials/BaseFlattenLinearColor_VT.uexp" 336
"../../../Engine/Content/EngineMaterials/Black_1x1_EXR_Texture_VT.uasset" 337
"../../../Engine/Content/EngineMaterials/Black_1x1_EXR_Texture_VT.uexp" 338
"../../../Engine/Content/EngineMaterials/BaseFlattenDiffuseMap_VT.uasset" 339
"../../../Engine/Content/EngineMaterials/BaseFlattenDiffuseMap_VT.uexp" 340
"../../../Engine/Content/EngineMaterials/BaseFlattenNormalMap_VT.uasset" 341
"../../../Engine/Content/EngineMaterials/BaseFlattenNormalMap_VT.uexp" 342
"../../../Engine/Content/EngineMaterials/FlattenMaterial_WS_Normal_VT.uasset" 343
"../../../Engine/Content/EngineMaterials/FlattenMaterial_WS_Normal_VT.uexp" 344
"../../../Engine/Content/EngineMaterials/FlattenMaterial_VT.uasset" 345
"../../../Engine/Content/EngineMaterials/FlattenMaterial_VT.uexp" 346
"../../../Engine/Content/EngineMaterials/BaseFlattenNormalMap.uasset" 347
"../../../Engine/Content/EngineMaterials/BaseFlattenNormalMap.uexp" 348
"../../../Engine/Content/EngineMaterials/BaseFlattenGrayscaleMap.uasset" 349
"../../../Engine/Content/EngineMaterials/BaseFlattenGrayscaleMap.uexp" 350
"../../../Engine/Content/EngineMaterials/BaseFlattenDiffuseMap.uasset" 351
"../../../Engine/Content/EngineMaterials/BaseFlattenDiffuseMap.uexp" 352
"../../../Engine/Content/Functions/Engine_MaterialFunctions02/PivotPainter2/Black_1x1_EXR_Texture.uasset" 353
"../../../Engine/Content/Functions/Engine_MaterialFunctions02/PivotPainter2/Black_1x1_EXR_Texture.uexp" 354
"../../../Engine/Content/EngineMaterials/BaseFlattenEmissiveMap.uasset" 355
"../../../Engine/Content/EngineMaterials/BaseFlattenEmissiveMap.uexp" 356
"../../../Engine/Content/EngineMaterials/BaseFlattenLinearColor.uasset" 357
"../../../Engine/Content/EngineMaterials/BaseFlattenLinearColor.uexp" 358
"../../../Engine/Content/EngineMaterials/FlattenMaterial.uasset" 359
"../../../Engine/Content/EngineMaterials/FlattenMaterial.uexp" 360
"../../../Engine/Content/EngineMaterials/DefaultWhiteGrid_Low.uasset" 361
"../../../Engine/Content/EngineMaterials/DefaultWhiteGrid_Low.uexp" 362
"../../../Engine/Content/EngineMaterials/EmissiveMeshMaterial.uasset" 363
"../../../Engine/Content/EngineMaterials/EmissiveMeshMaterial.uexp" 364
"../../../Engine/Plugins/Interchange/Runtime/Content/Pipelines/DefaultSceneAssetsPipeline.uasset" 365
"../../../Engine/Plugins/Interchange/Runtime/Content/Pipelines/DefaultSceneAssetsPipeline.uexp" 366
"../../../Engine/Content/EngineFonts/RobotoDistanceField.uasset" 367
"../../../Engine/Content/EngineFonts/RobotoDistanceField.uexp" 368
"../../../Engine/Content/EngineMaterials/DefaultTextMaterialOpaque.uasset" 369
"../../../Engine/Content/EngineMaterials/DefaultTextMaterialOpaque.uexp" 370
"../../../Engine/Content/EngineMaterials/DefaultDiffuse.ubulk" 371
"../../../Engine/Content/EngineMaterials/DefaultDiffuse.uasset" 372
"../../../Engine/Content/EngineMaterials/DefaultDiffuse.uexp" 373
"../../../Engine/Content/Functions/Engine_MaterialFunctions02/Utility/BreakOutFloat2Components.uasset" 374
"../../../Engine/Content/Functions/Engine_MaterialFunctions02/Utility/BreakOutFloat2Components.uexp" 375
"../../../Engine/Content/EngineMaterials/DefaultPostProcessMaterial.uasset" 376
"../../../Engine/Content/EngineMaterials/DefaultPostProcessMaterial.uexp" 377
"../../../Engine/Content/EngineMaterials/DefaultPhysicalMaterial.uasset" 378
"../../../Engine/Content/EngineMaterials/DefaultPhysicalMaterial.uexp" 379
"../../../Engine/Content/EngineMaterials/DefaultLightFunctionMaterial.uasset" 380
"../../../Engine/Content/EngineMaterials/DefaultLightFunctionMaterial.uexp" 381
"../../../Engine/Content/EngineMaterials/DefaultDestructiblePhysicalMaterial.uasset" 382
"../../../Engine/Content/EngineMaterials/DefaultDestructiblePhysicalMaterial.uexp" 383
"../../../Engine/Content/EngineMaterials/DefaultDeferredDecalMaterial.uasset" 384
"../../../Engine/Content/EngineMaterials/DefaultDeferredDecalMaterial.uexp" 385
"../../../Engine/Content/EngineMaterials/DefaultBloomKernel.uasset" 386
"../../../Engine/Content/EngineMaterials/DefaultBloomKernel.uexp" 387
"../../../Engine/Content/EngineResources/FilmGrains/Marcie_Grain_v3_128_M2_000.uasset" 388
"../../../Engine/Content/EngineResources/FilmGrains/Marcie_Grain_v3_128_M2_000.uexp" 389
"../../../Engine/Content/EngineSky/VolumetricClouds/CloudWeatherTexture.uasset" 390
"../../../Engine/Content/EngineSky/VolumetricClouds/CloudWeatherTexture.uexp" 391
"../../../Engine/Content/Functions/Engine_MaterialFunctions02/Utility/MakeFloat2.uasset" 392
"../../../Engine/Content/Functions/Engine_MaterialFunctions02/Utility/MakeFloat2.uexp" 393
"../../../Engine/Content/EngineSky/VolumetricClouds/CloudGradientTexture.uasset" 394
"../../../Engine/Content/EngineSky/VolumetricClouds/CloudGradientTexture.uexp" 395
"../../../Engine/Content/EngineSky/VolumetricClouds/T_NoiseShape64.ubulk" 396
"../../../Engine/Content/EngineSky/VolumetricClouds/T_NoiseShape64.uasset" 397
"../../../Engine/Content/EngineSky/VolumetricClouds/T_NoiseShape64.uexp" 398
"../../../Engine/Content/EngineSky/VolumetricClouds/T_VolumeNoiseShape64.uasset" 399
"../../../Engine/Content/EngineSky/VolumetricClouds/T_VolumeNoiseShape64.uexp" 400
"../../../Engine/Content/EngineSky/VolumetricClouds/T_NoiseErosion.ubulk" 401
"../../../Engine/Content/EngineSky/VolumetricClouds/T_NoiseErosion.uasset" 402
"../../../Engine/Content/EngineSky/VolumetricClouds/T_NoiseErosion.uexp" 403
"../../../Engine/Content/EngineSky/VolumetricClouds/T_VolumeNoiseErosion32.uasset" 404
"../../../Engine/Content/EngineSky/VolumetricClouds/T_VolumeNoiseErosion32.uexp" 405
"../../../Engine/Content/EngineSky/VolumetricClouds/m_SimpleVolumetricCloud.uasset" 406
"../../../Engine/Content/EngineSky/VolumetricClouds/m_SimpleVolumetricCloud.uexp" 407
"../../../Engine/Content/EngineSky/VolumetricClouds/m_SimpleVolumetricCloud_Inst.uasset" 408
"../../../Engine/Content/EngineSky/VolumetricClouds/m_SimpleVolumetricCloud_Inst.uexp" 409
"../../../Engine/Content/EngineSounds/Master.uasset" 410
"../../../Engine/Content/EngineSounds/Master.uexp" 411
"../../../Engine/Content/Functions/Engine_MaterialFunctions01/Shading/PowerToRoughness.uasset" 412
"../../../Engine/Content/Functions/Engine_MaterialFunctions01/Shading/PowerToRoughness.uexp" 413
"../../../Engine/Plugins/2D/Paper2D/Content/PlaceholderTextures/DummySpriteTexture.ubulk" 414
"../../../Engine/Plugins/2D/Paper2D/Content/PlaceholderTextures/DummySpriteTexture.uasset" 415
"../../../Engine/Plugins/2D/Paper2D/Content/PlaceholderTextures/DummySpriteTexture.uexp" 416
"../../../Engine/Plugins/2D/Paper2D/Content/DefaultSpriteMaterial.uasset" 417
"../../../Engine/Plugins/2D/Paper2D/Content/DefaultSpriteMaterial.uexp" 418
"../../../Engine/Plugins/2D/Paper2D/Content/OpaqueUnlitSpriteMaterial.uasset" 419
"../../../Engine/Plugins/2D/Paper2D/Content/OpaqueUnlitSpriteMaterial.uexp" 420
"../../../Engine/Plugins/2D/Paper2D/Content/MaskedUnlitSpriteMaterial.uasset" 421
"../../../Engine/Plugins/2D/Paper2D/Content/MaskedUnlitSpriteMaterial.uexp" 422
"../../../Engine/Plugins/2D/Paper2D/Content/DummySprite.uasset" 423
"../../../Engine/Plugins/2D/Paper2D/Content/DummySprite.uexp" 424
"../../../Engine/Plugins/2D/Paper2D/Content/DefaultPaperTerrainMaterial.uasset" 425
"../../../Engine/Plugins/2D/Paper2D/Content/DefaultPaperTerrainMaterial.uexp" 426
"../../../Engine/Plugins/Animation/ControlRig/Content/M_Manip.uasset" 427
"../../../Engine/Plugins/Animation/ControlRig/Content/M_Manip.uexp" 428
"../../../Engine/Plugins/Animation/ControlRig/Content/Controls/DefaultGizmoLibraryNormalized.uasset" 429
"../../../Engine/Plugins/Animation/ControlRig/Content/Controls/DefaultGizmoLibraryNormalized.uexp" 430
"../../../Engine/Plugins/Animation/ControlRig/Content/Controls/ControlRig_Wedge_solid.ubulk" 431
"../../../Engine/Plugins/Animation/ControlRig/Content/Controls/ControlRig_Wedge_solid.uasset" 432
"../../../Engine/Plugins/Animation/ControlRig/Content/Controls/ControlRig_Wedge_solid.uexp" 433
"../../../Engine/Plugins/Animation/ControlRig/Content/Controls/ControlRig_Wedge_3mm.ubulk" 434
"../../../Engine/Plugins/Animation/ControlRig/Content/Controls/ControlRig_Wedge_3mm.uasset" 435
"../../../Engine/Plugins/Animation/ControlRig/Content/Controls/ControlRig_Wedge_3mm.uexp" 436
"../../../Engine/Plugins/Animation/ControlRig/Content/Controls/ControlRig_Wedge_1mm.ubulk" 437
"../../../Engine/Plugins/Animation/ControlRig/Content/Controls/ControlRig_Wedge_1mm.uasset" 438
"../../../Engine/Plugins/Animation/ControlRig/Content/Controls/ControlRig_Wedge_1mm.uexp" 439
"../../../Engine/Plugins/Animation/ControlRig/Content/Controls/ControlRig_Triangle_solid.ubulk" 440
"../../../Engine/Plugins/Animation/ControlRig/Content/Controls/ControlRig_Triangle_solid.uasset" 441
"../../../Engine/Plugins/Animation/ControlRig/Content/Controls/ControlRig_Triangle_solid.uexp" 442
"../../../Engine/Plugins/Animation/ControlRig/Content/Controls/ControlRig_Triangle_3mm.ubulk" 443
"../../../Engine/Plugins/Animation/ControlRig/Content/Controls/ControlRig_Triangle_3mm.uasset" 444
"../../../Engine/Plugins/Animation/ControlRig/Content/Controls/ControlRig_Triangle_3mm.uexp" 445
"../../../Engine/Plugins/Animation/ControlRig/Content/Controls/ControlRig_Triangle_1mm.ubulk" 446
"../../../Engine/Plugins/Animation/ControlRig/Content/Controls/ControlRig_Triangle_1mm.uasset" 447
"../../../Engine/Plugins/Animation/ControlRig/Content/Controls/ControlRig_Triangle_1mm.uexp" 448
"../../../Engine/Plugins/Animation/ControlRig/Content/Controls/ControlRig_Star4_solid.ubulk" 449
"../../../Engine/Plugins/Animation/ControlRig/Content/Controls/ControlRig_Star4_solid.uasset" 450
"../../../Engine/Plugins/Animation/ControlRig/Content/Controls/ControlRig_Star4_solid.uexp" 451
"../../../Engine/Plugins/Animation/ControlRig/Content/Controls/ControlRig_Star4_3mm.ubulk" 452
"../../../Engine/Plugins/Animation/ControlRig/Content/Controls/ControlRig_Star4_3mm.uasset" 453
"../../../Engine/Plugins/Animation/ControlRig/Content/Controls/ControlRig_Star4_3mm.uexp" 454
"../../../Engine/Plugins/Animation/ControlRig/Content/Controls/ControlRig_Star4_1mm.ubulk" 455
"../../../Engine/Plugins/Animation/ControlRig/Content/Controls/ControlRig_Star4_1mm.uasset" 456
"../../../Engine/Plugins/Animation/ControlRig/Content/Controls/ControlRig_Star4_1mm.uexp" 457
"../../../Engine/Plugins/Animation/ControlRig/Content/Controls/ControlRig_Square_solid.ubulk" 458
"../../../Engine/Plugins/Animation/ControlRig/Content/Controls/ControlRig_Square_solid.uasset" 459
"../../../Engine/Plugins/Animation/ControlRig/Content/Controls/ControlRig_Square_solid.uexp" 460
"../../../Engine/Plugins/Animation/ControlRig/Content/Controls/ControlRig_Square_3mm.ubulk" 461
"../../../Engine/Plugins/Animation/ControlRig/Content/Controls/ControlRig_Square_3mm.uasset" 462
"../../../Engine/Plugins/Animation/ControlRig/Content/Controls/ControlRig_Square_3mm.uexp" 463
"../../../Engine/Plugins/Animation/ControlRig/Content/Controls/ControlRig_Square_1mm.ubulk" 464
"../../../Engine/Plugins/Animation/ControlRig/Content/Controls/ControlRig_Square_1mm.uasset" 465
"../../../Engine/Plugins/Animation/ControlRig/Content/Controls/ControlRig_Square_1mm.uexp" 466
"../../../Engine/Plugins/Animation/ControlRig/Content/Controls/ControlRig_Sphere_solid.ubulk" 467
"../../../Engine/Plugins/Animation/ControlRig/Content/Controls/ControlRig_Sphere_solid.uasset" 468
"../../../Engine/Plugins/Animation/ControlRig/Content/Controls/ControlRig_Sphere_solid.uexp" 469
"../../../Engine/Plugins/Animation/ControlRig/Content/Controls/ControlRig_Sphere_3mm.ubulk" 470
"../../../Engine/Plugins/Animation/ControlRig/Content/Controls/ControlRig_Sphere_3mm.uasset" 471
"../../../Engine/Plugins/Animation/ControlRig/Content/Controls/ControlRig_Sphere_3mm.uexp" 472
"../../../Engine/Plugins/Animation/ControlRig/Content/Controls/ControlRig_Sphere_1mm.ubulk" 473
"../../../Engine/Plugins/Animation/ControlRig/Content/Controls/ControlRig_Sphere_1mm.uasset" 474
"../../../Engine/Plugins/Animation/ControlRig/Content/Controls/ControlRig_Sphere_1mm.uexp" 475
"../../../Engine/Plugins/Animation/ControlRig/Content/Controls/ControlRig_RoundedTriangle_solid.ubulk" 476
"../../../Engine/Plugins/Animation/ControlRig/Content/Controls/ControlRig_RoundedTriangle_solid.uasset" 477
"../../../Engine/Plugins/Animation/ControlRig/Content/Controls/ControlRig_RoundedTriangle_solid.uexp" 478
"../../../Engine/Plugins/Animation/ControlRig/Content/Controls/ControlRig_RoundedTriangle_3mm.ubulk" 479
"../../../Engine/Plugins/Animation/ControlRig/Content/Controls/ControlRig_RoundedTriangle_3mm.uasset" 480
"../../../Engine/Plugins/Animation/ControlRig/Content/Controls/ControlRig_RoundedTriangle_3mm.uexp" 481
"../../../Engine/Plugins/Animation/ControlRig/Content/Controls/ControlRig_RoundedTriangle_1mm.ubulk" 482
"../../../Engine/Plugins/Animation/ControlRig/Content/Controls/ControlRig_RoundedTriangle_1mm.uasset" 483
"../../../Engine/Plugins/Animation/ControlRig/Content/Controls/ControlRig_RoundedTriangle_1mm.uexp" 484
"../../../Engine/Plugins/Animation/ControlRig/Content/Controls/ControlRig_RoundedSquare_solid.ubulk" 485
"../../../Engine/Plugins/Animation/ControlRig/Content/Controls/ControlRig_RoundedSquare_solid.uasset" 486
"../../../Engine/Plugins/Animation/ControlRig/Content/Controls/ControlRig_RoundedSquare_solid.uexp" 487
"../../../Engine/Plugins/Animation/ControlRig/Content/Controls/ControlRig_RoundedSquare_3mm.ubulk" 488
"../../../Engine/Plugins/Animation/ControlRig/Content/Controls/ControlRig_RoundedSquare_3mm.uasset" 489
"../../../Engine/Plugins/Animation/ControlRig/Content/Controls/ControlRig_RoundedSquare_3mm.uexp" 490
"../../../Engine/Plugins/Animation/ControlRig/Content/Controls/ControlRig_RoundedSquare_1mm.ubulk" 491
"../../../Engine/Plugins/Animation/ControlRig/Content/Controls/ControlRig_RoundedSquare_1mm.uasset" 492
"../../../Engine/Plugins/Animation/ControlRig/Content/Controls/ControlRig_RoundedSquare_1mm.uexp" 493
"../../../Engine/Plugins/Animation/ControlRig/Content/Controls/ControlRig_QuarterCircle_solid.ubulk" 494
"../../../Engine/Plugins/Animation/ControlRig/Content/Controls/ControlRig_QuarterCircle_solid.uasset" 495
"../../../Engine/Plugins/Animation/ControlRig/Content/Controls/ControlRig_QuarterCircle_solid.uexp" 496
"../../../Engine/Plugins/Animation/ControlRig/Content/Controls/ControlRig_QuarterCircle_3mm.ubulk" 497
"../../../Engine/Plugins/Animation/ControlRig/Content/Controls/ControlRig_QuarterCircle_3mm.uasset" 498
"../../../Engine/Plugins/Animation/ControlRig/Content/Controls/ControlRig_QuarterCircle_3mm.uexp" 499
"../../../Engine/Plugins/Animation/ControlRig/Content/Controls/ControlRig_QuarterCircle_1mm.ubulk" 500
"../../../Engine/Plugins/Animation/ControlRig/Content/Controls/ControlRig_QuarterCircle_1mm.uasset" 501
"../../../Engine/Plugins/Animation/ControlRig/Content/Controls/ControlRig_QuarterCircle_1mm.uexp" 502
"../../../Engine/Plugins/Animation/ControlRig/Content/Controls/ControlRig_Pyramid_solid.ubulk" 503
"../../../Engine/Plugins/Animation/ControlRig/Content/Controls/ControlRig_Pyramid_solid.uasset" 504
"../../../Engine/Plugins/Animation/ControlRig/Content/Controls/ControlRig_Pyramid_solid.uexp" 505
"../../../Engine/Plugins/Animation/ControlRig/Content/Controls/ControlRig_Pyramid_3mm.ubulk" 506
"../../../Engine/Plugins/Animation/ControlRig/Content/Controls/ControlRig_Pyramid_3mm.uasset" 507
"../../../Engine/Plugins/Animation/ControlRig/Content/Controls/ControlRig_Pyramid_3mm.uexp" 508
"../../../Engine/Plugins/Animation/ControlRig/Content/Controls/ControlRig_Pyramid_1mm.ubulk" 509
"../../../Engine/Plugins/Animation/ControlRig/Content/Controls/ControlRig_Pyramid_1mm.uasset" 510
"../../../Engine/Plugins/Animation/ControlRig/Content/Controls/ControlRig_Pyramid_1mm.uexp" 511
"../../../Engine/Plugins/Animation/ControlRig/Content/Controls/ControlRig_Octagon_solid.ubulk" 512
"../../../Engine/Plugins/Animation/ControlRig/Content/Controls/ControlRig_Octagon_solid.uasset" 513
"../../../Engine/Plugins/Animation/ControlRig/Content/Controls/ControlRig_Octagon_solid.uexp" 514
"../../../Engine/Plugins/Animation/ControlRig/Content/Controls/ControlRig_Octagon_3mm.ubulk" 515
"../../../Engine/Plugins/Animation/ControlRig/Content/Controls/ControlRig_Octagon_3mm.uasset" 516
"../../../Engine/Plugins/Animation/ControlRig/Content/Controls/ControlRig_Octagon_3mm.uexp" 517
"../../../Engine/Plugins/Animation/ControlRig/Content/Controls/ControlRig_Octagon_1mm.ubulk" 518
"../../../Engine/Plugins/Animation/ControlRig/Content/Controls/ControlRig_Octagon_1mm.uasset" 519
"../../../Engine/Plugins/Animation/ControlRig/Content/Controls/ControlRig_Octagon_1mm.uexp" 520
"../../../Engine/Plugins/Animation/ControlRig/Content/Controls/ControlRig_Hexagon_solid.ubulk" 521
"../../../Engine/Plugins/Animation/ControlRig/Content/Controls/ControlRig_Hexagon_solid.uasset" 522
"../../../Engine/Plugins/Animation/ControlRig/Content/Controls/ControlRig_Hexagon_solid.uexp" 523
"../../../Engine/Plugins/Animation/ControlRig/Content/Controls/ControlRig_Hexagon_3mm.ubulk" 524
"../../../Engine/Plugins/Animation/ControlRig/Content/Controls/ControlRig_Hexagon_3mm.uasset" 525
"../../../Engine/Plugins/Animation/ControlRig/Content/Controls/ControlRig_Hexagon_3mm.uexp" 526
"../../../Engine/Plugins/Animation/ControlRig/Content/Controls/ControlRig_Hexagon_1mm.ubulk" 527
"../../../Engine/Plugins/Animation/ControlRig/Content/Controls/ControlRig_Hexagon_1mm.uasset" 528
"../../../Engine/Plugins/Animation/ControlRig/Content/Controls/ControlRig_Hexagon_1mm.uexp" 529
"../../../Engine/Plugins/Animation/ControlRig/Content/Controls/ControlRig_HalfCircle_solid.ubulk" 530
"../../../Engine/Plugins/Animation/ControlRig/Content/Controls/ControlRig_HalfCircle_solid.uasset" 531
"../../../Engine/Plugins/Animation/ControlRig/Content/Controls/ControlRig_HalfCircle_solid.uexp" 532
"../../../Engine/Plugins/Animation/ControlRig/Content/Controls/ControlRig_HalfCircle_3mm.ubulk" 533
"../../../Engine/Plugins/Animation/ControlRig/Content/Controls/ControlRig_HalfCircle_3mm.uasset" 534
"../../../Engine/Plugins/Animation/ControlRig/Content/Controls/ControlRig_HalfCircle_3mm.uexp" 535
"../../../Engine/Plugins/Animation/ControlRig/Content/Controls/ControlRig_HalfCircle_1mm.ubulk" 536
"../../../Engine/Plugins/Animation/ControlRig/Content/Controls/ControlRig_HalfCircle_1mm.uasset" 537
"../../../Engine/Plugins/Animation/ControlRig/Content/Controls/ControlRig_HalfCircle_1mm.uexp" 538
"../../../Engine/Plugins/Animation/ControlRig/Content/Controls/ControlRig_Diamond_solid.ubulk" 539
"../../../Engine/Plugins/Animation/ControlRig/Content/Controls/ControlRig_Diamond_solid.uasset" 540
"../../../Engine/Plugins/Animation/ControlRig/Content/Controls/ControlRig_Diamond_solid.uexp" 541
"../../../Engine/Plugins/Animation/ControlRig/Content/Controls/ControlRig_Diamond_3mm.ubulk" 542
"../../../Engine/Plugins/Animation/ControlRig/Content/Controls/ControlRig_Diamond_3mm.uasset" 543
"../../../Engine/Plugins/Animation/ControlRig/Content/Controls/ControlRig_Diamond_3mm.uexp" 544
"../../../Engine/Plugins/Animation/ControlRig/Content/Controls/ControlRig_Diamond_1mm.ubulk" 545
"../../../Engine/Plugins/Animation/ControlRig/Content/Controls/ControlRig_Diamond_1mm.uasset" 546
"../../../Engine/Plugins/Animation/ControlRig/Content/Controls/ControlRig_Diamond_1mm.uexp" 547
"../../../Engine/Plugins/Animation/ControlRig/Content/Controls/ControlRig_Circle_solid.ubulk" 548
"../../../Engine/Plugins/Animation/ControlRig/Content/Controls/ControlRig_Circle_solid.uasset" 549
"../../../Engine/Plugins/Animation/ControlRig/Content/Controls/ControlRig_Circle_solid.uexp" 550
"../../../Engine/Plugins/Animation/ControlRig/Content/Controls/ControlRig_Circle_3mm.ubulk" 551
"../../../Engine/Plugins/Animation/ControlRig/Content/Controls/ControlRig_Circle_3mm.uasset" 552
"../../../Engine/Plugins/Animation/ControlRig/Content/Controls/ControlRig_Circle_3mm.uexp" 553
"../../../Engine/Plugins/Animation/ControlRig/Content/Controls/ControlRig_Circle_1mm.ubulk" 554
"../../../Engine/Plugins/Animation/ControlRig/Content/Controls/ControlRig_Circle_1mm.uasset" 555
"../../../Engine/Plugins/Animation/ControlRig/Content/Controls/ControlRig_Circle_1mm.uexp" 556
"../../../Engine/Plugins/Animation/ControlRig/Content/Controls/ControlRig_Box_solid.ubulk" 557
"../../../Engine/Plugins/Animation/ControlRig/Content/Controls/ControlRig_Box_solid.uasset" 558
"../../../Engine/Plugins/Animation/ControlRig/Content/Controls/ControlRig_Box_solid.uexp" 559
"../../../Engine/Plugins/Animation/ControlRig/Content/Controls/ControlRig_Box_3mm.ubulk" 560
"../../../Engine/Plugins/Animation/ControlRig/Content/Controls/ControlRig_Box_3mm.uasset" 561
"../../../Engine/Plugins/Animation/ControlRig/Content/Controls/ControlRig_Box_3mm.uexp" 562
"../../../Engine/Plugins/Animation/ControlRig/Content/Controls/ControlRig_Box_1mm.ubulk" 563
"../../../Engine/Plugins/Animation/ControlRig/Content/Controls/ControlRig_Box_1mm.uasset" 564
"../../../Engine/Plugins/Animation/ControlRig/Content/Controls/ControlRig_Box_1mm.uexp" 565
"../../../Engine/Plugins/Animation/ControlRig/Content/Controls/ControlRig_Arrow_solid.ubulk" 566
"../../../Engine/Plugins/Animation/ControlRig/Content/Controls/ControlRig_Arrow_solid.uasset" 567
"../../../Engine/Plugins/Animation/ControlRig/Content/Controls/ControlRig_Arrow_solid.uexp" 568
"../../../Engine/Plugins/Animation/ControlRig/Content/Controls/ControlRig_Arrow_3mm.ubulk" 569
"../../../Engine/Plugins/Animation/ControlRig/Content/Controls/ControlRig_Arrow_3mm.uasset" 570
"../../../Engine/Plugins/Animation/ControlRig/Content/Controls/ControlRig_Arrow_3mm.uexp" 571
"../../../Engine/Plugins/Animation/ControlRig/Content/Controls/ControlRig_Arrow_1mm.ubulk" 572
"../../../Engine/Plugins/Animation/ControlRig/Content/Controls/ControlRig_Arrow_1mm.uasset" 573
"../../../Engine/Plugins/Animation/ControlRig/Content/Controls/ControlRig_Arrow_1mm.uexp" 574
"../../../Engine/Plugins/Animation/ControlRig/Content/Controls/ControlRig_Arrow4_solid.ubulk" 575
"../../../Engine/Plugins/Animation/ControlRig/Content/Controls/ControlRig_Arrow4_solid.uasset" 576
"../../../Engine/Plugins/Animation/ControlRig/Content/Controls/ControlRig_Arrow4_solid.uexp" 577
"../../../Engine/Plugins/Animation/ControlRig/Content/Controls/ControlRig_Arrow4_3mm.ubulk" 578
"../../../Engine/Plugins/Animation/ControlRig/Content/Controls/ControlRig_Arrow4_3mm.uasset" 579
"../../../Engine/Plugins/Animation/ControlRig/Content/Controls/ControlRig_Arrow4_3mm.uexp" 580
"../../../Engine/Plugins/Animation/ControlRig/Content/Controls/ControlRig_Arrow4_1mm.ubulk" 581
"../../../Engine/Plugins/Animation/ControlRig/Content/Controls/ControlRig_Arrow4_1mm.uasset" 582
"../../../Engine/Plugins/Animation/ControlRig/Content/Controls/ControlRig_Arrow4_1mm.uexp" 583
"../../../Engine/Plugins/Animation/ControlRig/Content/Controls/ControlRig_Arrow2_solid.ubulk" 584
"../../../Engine/Plugins/Animation/ControlRig/Content/Controls/ControlRig_Arrow2_solid.uasset" 585
"../../../Engine/Plugins/Animation/ControlRig/Content/Controls/ControlRig_Arrow2_solid.uexp" 586
"../../../Engine/Plugins/Animation/ControlRig/Content/Controls/ControlRig_Arrow2_3mm.ubulk" 587
"../../../Engine/Plugins/Animation/ControlRig/Content/Controls/ControlRig_Arrow2_3mm.uasset" 588
"../../../Engine/Plugins/Animation/ControlRig/Content/Controls/ControlRig_Arrow2_3mm.uexp" 589
"../../../Engine/Plugins/Animation/ControlRig/Content/Controls/ControlRig_Arrow2_1mm.ubulk" 590
"../../../Engine/Plugins/Animation/ControlRig/Content/Controls/ControlRig_Arrow2_1mm.uasset" 591
"../../../Engine/Plugins/Animation/ControlRig/Content/Controls/ControlRig_Arrow2_1mm.uexp" 592
"../../../Engine/Plugins/Animation/ControlRig/Content/Controls/ControlRigXRayMaterial.uasset" 593
"../../../Engine/Plugins/Animation/ControlRig/Content/Controls/ControlRigXRayMaterial.uexp" 594
"../../../Engine/Plugins/Animation/ControlRig/Content/Controls/ControlRigGizmoMaterial.uasset" 595
"../../../Engine/Plugins/Animation/ControlRig/Content/Controls/ControlRigGizmoMaterial.uexp" 596
"../../../Engine/Plugins/Editor/SpeedTreeImporter/Content/SpeedTree9/game_wind_noise.ubulk" 597
"../../../Engine/Plugins/Editor/SpeedTreeImporter/Content/SpeedTree9/game_wind_noise.uasset" 598
"../../../Engine/Plugins/Editor/SpeedTreeImporter/Content/SpeedTree9/game_wind_noise.uexp" 599
"../../../Engine/Plugins/Editor/SpeedTreeImporter/Content/SpeedTree9/UnpackDirection.uasset" 600
"../../../Engine/Plugins/Editor/SpeedTreeImporter/Content/SpeedTree9/UnpackDirection.uexp" 601
"../../../Engine/Content/Functions/Engine_MaterialFunctions02/ObjectLocalBounds.uasset" 602
"../../../Engine/Content/Functions/Engine_MaterialFunctions02/ObjectLocalBounds.uexp" 603
"../../../Engine/Content/Functions/Engine_MaterialFunctions02/UVs/BoundingBoxBased_0-1_UVW.uasset" 604
"../../../Engine/Content/Functions/Engine_MaterialFunctions02/UVs/BoundingBoxBased_0-1_UVW.uexp" 605
"../../../Engine/Content/Functions/Engine_MaterialFunctions02/Utility/VectorLength.uasset" 606
"../../../Engine/Content/Functions/Engine_MaterialFunctions02/Utility/VectorLength.uexp" 607
"../../../Engine/Plugins/Editor/SpeedTreeImporter/Content/SpeedTree9/UnpackInteger3.uasset" 608
"../../../Engine/Plugins/Editor/SpeedTreeImporter/Content/SpeedTree9/UnpackInteger3.uexp" 609
"../../../Engine/Plugins/Editor/SpeedTreeImporter/Content/SpeedTree9/SpeedTreeCameraFacing.uasset" 610
"../../../Engine/Plugins/Editor/SpeedTreeImporter/Content/SpeedTree9/SpeedTreeCameraFacing.uexp" 611
"../../../Engine/Content/Functions/Engine_MaterialFunctions02/WorldPositionOffset/ObjectScale.uasset" 612
"../../../Engine/Content/Functions/Engine_MaterialFunctions02/WorldPositionOffset/ObjectScale.uexp" 613
"../../../Engine/Content/Functions/Engine_MaterialFunctions02/SafeNormalize.uasset" 614
"../../../Engine/Content/Functions/Engine_MaterialFunctions02/SafeNormalize.uexp" 615
"../../../Engine/Plugins/Editor/SpeedTreeImporter/Content/SpeedTree9/SpeedTreeWindMotion.uasset" 616
"../../../Engine/Plugins/Editor/SpeedTreeImporter/Content/SpeedTree9/SpeedTreeWindMotion.uexp" 617
"../../../Engine/Plugins/Editor/SpeedTreeImporter/Content/SpeedTree9/SpeedTreeBranchMotion.uasset" 618
"../../../Engine/Plugins/Editor/SpeedTreeImporter/Content/SpeedTree9/SpeedTreeBranchMotion.uexp" 619
"../../../Engine/Plugins/Editor/SpeedTreeImporter/Content/SpeedTree9/SpeedTreeWind.uasset" 620
"../../../Engine/Plugins/Editor/SpeedTreeImporter/Content/SpeedTree9/SpeedTreeWind.uexp" 621
"../../../Engine/Plugins/Editor/SpeedTreeImporter/Content/SpeedTree9/EmptyNormal.uasset" 622
"../../../Engine/Plugins/Editor/SpeedTreeImporter/Content/SpeedTree9/EmptyNormal.uexp" 623
"../../../Engine/Plugins/Editor/SpeedTreeImporter/Content/SpeedTree9/Empty.uasset" 624
"../../../Engine/Plugins/Editor/SpeedTreeImporter/Content/SpeedTree9/Empty.uexp" 625
"../../../Engine/Plugins/Editor/SpeedTreeImporter/Content/SpeedTree9/SpeedTreeMaster.uasset" 626
"../../../Engine/Plugins/Editor/SpeedTreeImporter/Content/SpeedTree9/SpeedTreeMaster.uexp" 627
"../../../Engine/Plugins/Editor/SpeedTreeImporter/Content/SpeedTree9/SpeedTreeBillboard.uasset" 628
"../../../Engine/Plugins/Editor/SpeedTreeImporter/Content/SpeedTree9/SpeedTreeBillboard.uexp" 629
"../../../Engine/Plugins/Editor/SpeedTreeImporter/Content/SpeedTree9/SpeedTreeBillboardMaster.uasset" 630
"../../../Engine/Plugins/Editor/SpeedTreeImporter/Content/SpeedTree9/SpeedTreeBillboardMaster.uexp" 631
"../../../Engine/Content/Functions/Engine_MaterialFunctions02/Texturing/CustomRotator.uasset" 632
"../../../Engine/Content/Functions/Engine_MaterialFunctions02/Texturing/CustomRotator.uexp" 633
"../../../Engine/Content/Functions/Engine_MaterialFunctions02/Texturing/ScreenAlignedPixelToPixelUVs.uasset" 634
"../../../Engine/Content/Functions/Engine_MaterialFunctions02/Texturing/ScreenAlignedPixelToPixelUVs.uexp" 635
"../../../Engine/Plugins/Interchange/Runtime/Content/Utilities/T_Bayer64_Grayscale_64px.uasset" 636
"../../../Engine/Plugins/Interchange/Runtime/Content/Utilities/T_Bayer64_Grayscale_64px.uexp" 637
"../../../Engine/Plugins/Interchange/Runtime/Content/gltf/MaterialFunctions/MF_Temporal_Blur.uasset" 638
"../../../Engine/Plugins/Interchange/Runtime/Content/gltf/MaterialFunctions/MF_Temporal_Blur.uexp" 639
"../../../Engine/Plugins/Interchange/Runtime/Content/gltf/MaterialFunctions/MF_Fresnel_DS.uasset" 640
"../../../Engine/Plugins/Interchange/Runtime/Content/gltf/MaterialFunctions/MF_Fresnel_DS.uexp" 641
"../../../Engine/Plugins/Interchange/Runtime/Content/Functions/MX_Transmission.uasset" 642
"../../../Engine/Plugins/Interchange/Runtime/Content/Functions/MX_Transmission.uexp" 643
"../../../Engine/Plugins/Interchange/Runtime/Content/Functions/MF_OrenNayerView.uasset" 644
"../../../Engine/Plugins/Interchange/Runtime/Content/Functions/MF_OrenNayerView.uexp" 645
"../../../Engine/Plugins/Interchange/Runtime/Content/Functions/MF_SchlickApprox.uasset" 646
"../../../Engine/Plugins/Interchange/Runtime/Content/Functions/MF_SchlickApprox.uexp" 647
"../../../Engine/Plugins/Interchange/Runtime/Content/Utilities/New_LUT.uasset" 648
"../../../Engine/Plugins/Interchange/Runtime/Content/Utilities/New_LUT.uexp" 649
"../../../Engine/Content/Functions/Engine_MaterialFunctions03/Math/RemapValueRange.uasset" 650
"../../../Engine/Content/Functions/Engine_MaterialFunctions03/Math/RemapValueRange.uexp" 651
"../../../Engine/Plugins/Interchange/Runtime/Content/Functions/MF_Iridescence.uasset" 652
"../../../Engine/Plugins/Interchange/Runtime/Content/Functions/MF_Iridescence.uexp" 653
"../../../Engine/Plugins/Interchange/Runtime/Content/Functions/MX_StandardSurface.uasset" 654
"../../../Engine/Plugins/Interchange/Runtime/Content/Functions/MX_StandardSurface.uexp" 655
"../../../Engine/Plugins/Interchange/Runtime/Content/Functions/MX_TransmissionSurface.uasset" 656
"../../../Engine/Plugins/Interchange/Runtime/Content/Functions/MX_TransmissionSurface.uexp" 657
"../../../Engine/Content/Functions/Engine_MaterialFunctions02/Math/AddComponents.uasset" 658
"../../../Engine/Content/Functions/Engine_MaterialFunctions02/Math/AddComponents.uexp" 659
"../../../Engine/Content/Functions/Engine_MaterialFunctions02/WorldPositionOffset/V2/ObjectScale.uasset" 660
"../../../Engine/Content/Functions/Engine_MaterialFunctions02/WorldPositionOffset/V2/ObjectScale.uexp" 661
"../../../Engine/Plugins/Interchange/Runtime/Content/gltf/MaterialFunctions/MF_TransmissionOpacity.uasset" 662
"../../../Engine/Plugins/Interchange/Runtime/Content/gltf/MaterialFunctions/MF_TransmissionOpacity.uexp" 663
"../../../Engine/Plugins/Interchange/Runtime/Content/gltf/MaterialFunctions/MF_RotateV2.uasset" 664
"../../../Engine/Plugins/Interchange/Runtime/Content/gltf/MaterialFunctions/MF_RotateV2.uexp" 665
"../../../Engine/Plugins/Interchange/Runtime/Content/gltf/MaterialFunctions/MF_TransformUVs.uasset" 666
"../../../Engine/Plugins/Interchange/Runtime/Content/gltf/MaterialFunctions/MF_TransformUVs.uexp" 667
"../../../Engine/Plugins/Interchange/Runtime/Content/gltf/Textures/T_White_srgb.uasset" 668
"../../../Engine/Plugins/Interchange/Runtime/Content/gltf/Textures/T_White_srgb.uexp" 669
"../../../Engine/Plugins/Interchange/Runtime/Content/gltf/MaterialFunctions/MF_BaseColor.uasset" 670
"../../../Engine/Plugins/Interchange/Runtime/Content/gltf/MaterialFunctions/MF_BaseColor.uexp" 671
"../../../Engine/Plugins/Interchange/Runtime/Content/gltf/MaterialFunctions/MF_DiffuseSpecGloss.uasset" 672
"../../../Engine/Plugins/Interchange/Runtime/Content/gltf/MaterialFunctions/MF_DiffuseSpecGloss.uexp" 673
"../../../Engine/Plugins/Interchange/Runtime/Content/gltf/Textures/T_White_Linear.uasset" 674
"../../../Engine/Plugins/Interchange/Runtime/Content/gltf/Textures/T_White_Linear.uexp" 675
"../../../Engine/Plugins/Interchange/Runtime/Content/gltf/MaterialFunctions/MF_MetallicRoughness.uasset" 676
"../../../Engine/Plugins/Interchange/Runtime/Content/gltf/MaterialFunctions/MF_MetallicRoughness.uexp" 677
"../../../Engine/Plugins/Interchange/Runtime/Content/gltf/MaterialFunctions/MF_Transmission.uasset" 678
"../../../Engine/Plugins/Interchange/Runtime/Content/gltf/MaterialFunctions/MF_Transmission.uexp" 679
"../../../Engine/Plugins/Interchange/Runtime/Content/gltf/MaterialFunctions/MF_Occlusion.uasset" 680
"../../../Engine/Plugins/Interchange/Runtime/Content/gltf/MaterialFunctions/MF_Occlusion.uexp" 681
"../../../Engine/Plugins/Interchange/Runtime/Content/gltf/MaterialFunctions/MF_Specular.uasset" 682
"../../../Engine/Plugins/Interchange/Runtime/Content/gltf/MaterialFunctions/MF_Specular.uexp" 683
"../../../Engine/Plugins/Interchange/Runtime/Content/gltf/MaterialFunctions/MF_IOR.uasset" 684
"../../../Engine/Plugins/Interchange/Runtime/Content/gltf/MaterialFunctions/MF_IOR.uexp" 685
"../../../Engine/Content/Functions/Engine_MaterialFunctions01/Texturing/FlattenNormal.uasset" 686
"../../../Engine/Content/Functions/Engine_MaterialFunctions01/Texturing/FlattenNormal.uexp" 687
"../../../Engine/Content/Functions/Engine_MaterialFunctions02/Math/Transform3x3Matrix.uasset" 688
"../../../Engine/Content/Functions/Engine_MaterialFunctions02/Math/Transform3x3Matrix.uexp" 689
"../../../Engine/Plugins/Interchange/Runtime/Content/gltf/MaterialFunctions/MF_RotateNormals_TS.uasset" 690
"../../../Engine/Plugins/Interchange/Runtime/Content/gltf/MaterialFunctions/MF_RotateNormals_TS.uexp" 691
"../../../Engine/Plugins/Interchange/Runtime/Content/gltf/Textures/T_Generic_N.uasset" 692
"../../../Engine/Plugins/Interchange/Runtime/Content/gltf/Textures/T_Generic_N.uexp" 693
"../../../Engine/Plugins/Interchange/Runtime/Content/gltf/MaterialFunctions/MF_Normals.uasset" 694
"../../../Engine/Plugins/Interchange/Runtime/Content/gltf/MaterialFunctions/MF_Normals.uexp" 695
"../../../Engine/Plugins/Interchange/Runtime/Content/gltf/MaterialFunctions/MF_PerceivedBrightness.uasset" 696
"../../../Engine/Plugins/Interchange/Runtime/Content/gltf/MaterialFunctions/MF_PerceivedBrightness.uexp" 697
"../../../Engine/Plugins/Interchange/Runtime/Content/gltf/MaterialFunctions/MF_SpecGlossToMetalRoughness.uasset" 698
"../../../Engine/Plugins/Interchange/Runtime/Content/gltf/MaterialFunctions/MF_SpecGlossToMetalRoughness.uexp" 699
"../../../Engine/Plugins/Interchange/Runtime/Content/gltf/M_Transmission.uasset" 700
"../../../Engine/Plugins/Interchange/Runtime/Content/gltf/M_Transmission.uexp" 701
"../../../Engine/Plugins/Interchange/Runtime/Content/gltf/MaterialInstances_MR/MI_Transmission_TS.uasset" 702
"../../../Engine/Plugins/Interchange/Runtime/Content/gltf/MaterialInstances_MR/MI_Transmission_TS.uexp" 703
"../../../Engine/Plugins/Interchange/Runtime/Content/gltf/MaterialInstances_MR/MI_Transmission.uasset" 704
"../../../Engine/Plugins/Interchange/Runtime/Content/gltf/MaterialInstances_MR/MI_Transmission.uexp" 705
"../../../Engine/Plugins/Interchange/Runtime/Content/gltf/MaterialFunctions/MF_Clearcoat.uasset" 706
"../../../Engine/Plugins/Interchange/Runtime/Content/gltf/MaterialFunctions/MF_Clearcoat.uexp" 707
"../../../Engine/Plugins/Interchange/Runtime/Content/gltf/MaterialFunctions/MF_Emissive.uasset" 708
"../../../Engine/Plugins/Interchange/Runtime/Content/gltf/MaterialFunctions/MF_Emissive.uexp" 709
"../../../Engine/Plugins/Interchange/Runtime/Content/gltf/M_Translucent.uasset" 710
"../../../Engine/Plugins/Interchange/Runtime/Content/gltf/M_Translucent.uexp" 711
"../../../Engine/Plugins/Interchange/Runtime/Content/gltf/MaterialInstances_MR/MI_Translucent_TS.uasset" 712
"../../../Engine/Plugins/Interchange/Runtime/Content/gltf/MaterialInstances_MR/MI_Translucent_TS.uexp" 713
"../../../Engine/Plugins/Interchange/Runtime/Content/gltf/MaterialInstances_MR/MI_Translucent_ClearCoat_TS.uasset" 714
"../../../Engine/Plugins/Interchange/Runtime/Content/gltf/MaterialInstances_MR/MI_Translucent_ClearCoat_TS.uexp" 715
"../../../Engine/Plugins/Interchange/Runtime/Content/gltf/MaterialInstances_MR/MI_Translucent_ClearCoat.uasset" 716
"../../../Engine/Plugins/Interchange/Runtime/Content/gltf/MaterialInstances_MR/MI_Translucent_ClearCoat.uexp" 717
"../../../Engine/Plugins/Interchange/Runtime/Content/gltf/MaterialInstances_MR/MI_Translucent.uasset" 718
"../../../Engine/Plugins/Interchange/Runtime/Content/gltf/MaterialInstances_MR/MI_Translucent.uexp" 719
"../../../Engine/Plugins/Interchange/Runtime/Content/gltf/M_Unlit.uasset" 720
"../../../Engine/Plugins/Interchange/Runtime/Content/gltf/M_Unlit.uexp" 721
"../../../Engine/Plugins/Interchange/Runtime/Content/gltf/MaterialInstances_MR/MI_Opaque_Unlit_TS.uasset" 722
"../../../Engine/Plugins/Interchange/Runtime/Content/gltf/MaterialInstances_MR/MI_Opaque_Unlit_TS.uexp" 723
"../../../Engine/Plugins/Interchange/Runtime/Content/gltf/MaterialInstances_MR/MI_Opaque_Unlit.uasset" 724
"../../../Engine/Plugins/Interchange/Runtime/Content/gltf/MaterialInstances_MR/MI_Opaque_Unlit.uexp" 725
"../../../Engine/Plugins/Interchange/Runtime/Content/gltf/M_Opaque.uasset" 726
"../../../Engine/Plugins/Interchange/Runtime/Content/gltf/M_Opaque.uexp" 727
"../../../Engine/Plugins/Interchange/Runtime/Content/gltf/MaterialInstances_MR/MI_Opaque_TS.uasset" 728
"../../../Engine/Plugins/Interchange/Runtime/Content/gltf/MaterialInstances_MR/MI_Opaque_TS.uexp" 729
"../../../Engine/Plugins/Interchange/Runtime/Content/gltf/MaterialFunctions/MF_Sheen.uasset" 730
"../../../Engine/Plugins/Interchange/Runtime/Content/gltf/MaterialFunctions/MF_Sheen.uexp" 731
"../../../Engine/Content/Functions/Engine_MaterialFunctions01/Shading/FuzzyShading.uasset" 732
"../../../Engine/Content/Functions/Engine_MaterialFunctions01/Shading/FuzzyShading.uexp" 733
"../../../Engine/Plugins/Interchange/Runtime/Content/gltf/M_Sheen.uasset" 734
"../../../Engine/Plugins/Interchange/Runtime/Content/gltf/M_Sheen.uexp" 735
"../../../Engine/Plugins/Interchange/Runtime/Content/gltf/MaterialInstances_MR/MI_Opaque_Sheen_TS.uasset" 736
"../../../Engine/Plugins/Interchange/Runtime/Content/gltf/MaterialInstances_MR/MI_Opaque_Sheen_TS.uexp" 737
"../../../Engine/Plugins/Interchange/Runtime/Content/gltf/MaterialInstances_MR/MI_Opaque_Sheen.uasset" 738
"../../../Engine/Plugins/Interchange/Runtime/Content/gltf/MaterialInstances_MR/MI_Opaque_Sheen.uexp" 739
"../../../Engine/Plugins/Interchange/Runtime/Content/gltf/MaterialInstances_MR/MI_Opaque_ClearCoat_TS.uasset" 740
"../../../Engine/Plugins/Interchange/Runtime/Content/gltf/MaterialInstances_MR/MI_Opaque_ClearCoat_TS.uexp" 741
"../../../Engine/Plugins/Interchange/Runtime/Content/gltf/MaterialInstances_MR/MI_Opaque_ClearCoat.uasset" 742
"../../../Engine/Plugins/Interchange/Runtime/Content/gltf/MaterialInstances_MR/MI_Opaque_ClearCoat.uexp" 743
"../../../Engine/Plugins/Interchange/Runtime/Content/gltf/MaterialInstances_MR/MI_Opaque.uasset" 744
"../../../Engine/Plugins/Interchange/Runtime/Content/gltf/MaterialInstances_MR/MI_Opaque.uexp" 745
"../../../Engine/Plugins/Interchange/Runtime/Content/gltf/MaterialInstances_SG/MI_Transmission_TS.uasset" 746
"../../../Engine/Plugins/Interchange/Runtime/Content/gltf/MaterialInstances_SG/MI_Transmission_TS.uexp" 747
"../../../Engine/Plugins/Interchange/Runtime/Content/gltf/MaterialInstances_SG/MI_Transmission.uasset" 748
"../../../Engine/Plugins/Interchange/Runtime/Content/gltf/MaterialInstances_SG/MI_Transmission.uexp" 749
"../../../Engine/Plugins/Interchange/Runtime/Content/gltf/MaterialInstances_SG/MI_Translucent_TS.uasset" 750
"../../../Engine/Plugins/Interchange/Runtime/Content/gltf/MaterialInstances_SG/MI_Translucent_TS.uexp" 751
"../../../Engine/Plugins/Interchange/Runtime/Content/gltf/MaterialInstances_SG/MI_Translucent_ClearCoat_TS.uasset" 752
"../../../Engine/Plugins/Interchange/Runtime/Content/gltf/MaterialInstances_SG/MI_Translucent_ClearCoat_TS.uexp" 753
"../../../Engine/Plugins/Interchange/Runtime/Content/gltf/MaterialInstances_SG/MI_Translucent_ClearCoat.uasset" 754
"../../../Engine/Plugins/Interchange/Runtime/Content/gltf/MaterialInstances_SG/MI_Translucent_ClearCoat.uexp" 755
"../../../Engine/Plugins/Interchange/Runtime/Content/gltf/MaterialInstances_SG/MI_Translucent.uasset" 756
"../../../Engine/Plugins/Interchange/Runtime/Content/gltf/MaterialInstances_SG/MI_Translucent.uexp" 757
"../../../Engine/Plugins/Interchange/Runtime/Content/gltf/MaterialInstances_SG/MI_Opaque_TS.uasset" 758
"../../../Engine/Plugins/Interchange/Runtime/Content/gltf/MaterialInstances_SG/MI_Opaque_TS.uexp" 759
"../../../Engine/Plugins/Interchange/Runtime/Content/gltf/MaterialInstances_SG/MI_Opaque_Sheen_TS.uasset" 760
"../../../Engine/Plugins/Interchange/Runtime/Content/gltf/MaterialInstances_SG/MI_Opaque_Sheen_TS.uexp" 761
"../../../Engine/Plugins/Interchange/Runtime/Content/gltf/MaterialInstances_SG/MI_Opaque_Sheen.uasset" 762
"../../../Engine/Plugins/Interchange/Runtime/Content/gltf/MaterialInstances_SG/MI_Opaque_Sheen.uexp" 763
"../../../Engine/Plugins/Interchange/Runtime/Content/gltf/MaterialInstances_SG/MI_Opaque_ClearCoat_TS.uasset" 764
"../../../Engine/Plugins/Interchange/Runtime/Content/gltf/MaterialInstances_SG/MI_Opaque_ClearCoat_TS.uexp" 765
"../../../Engine/Plugins/Interchange/Runtime/Content/gltf/MaterialInstances_SG/MI_Opaque_ClearCoat.uasset" 766
"../../../Engine/Plugins/Interchange/Runtime/Content/gltf/MaterialInstances_SG/MI_Opaque_ClearCoat.uexp" 767
"../../../Engine/Plugins/Interchange/Runtime/Content/gltf/MaterialInstances_SG/MI_Opaque.uasset" 768
"../../../Engine/Plugins/Interchange/Runtime/Content/gltf/MaterialInstances_SG/MI_Opaque.uexp" 769
"../../../Engine/Plugins/Interchange/Runtime/Content/gltf/Textures/T_Gray_Linear.uasset" 770
"../../../Engine/Plugins/Interchange/Runtime/Content/gltf/Textures/T_Gray_Linear.uexp" 771
"../../../Engine/Plugins/Interchange/Runtime/Content/gltf/Textures/T_Black_srgb.uasset" 772
"../../../Engine/Plugins/Interchange/Runtime/Content/gltf/Textures/T_Black_srgb.uexp" 773
"../../../Engine/Plugins/Interchange/Runtime/Content/Materials/UnlitMaterial.uasset" 774
"../../../Engine/Plugins/Interchange/Runtime/Content/Materials/UnlitMaterial.uexp" 775
"../../../Engine/Content/EngineMaterials/DefaultNormal.ubulk" 776
"../../../Engine/Content/EngineMaterials/DefaultNormal.uasset" 777
"../../../Engine/Content/EngineMaterials/DefaultNormal.uexp" 778
"../../../Engine/Plugins/Interchange/Runtime/Content/Materials/MapOrScalarFunction.uasset" 779
"../../../Engine/Plugins/Interchange/Runtime/Content/Materials/MapOrScalarFunction.uexp" 780
"../../../Engine/Plugins/Interchange/Runtime/Content/Materials/MapOrLinearColorFunction.uasset" 781
"../../../Engine/Plugins/Interchange/Runtime/Content/Materials/MapOrLinearColorFunction.uexp" 782
"../../../Engine/Plugins/Interchange/Runtime/Content/Materials/MapOrColorFunction.uasset" 783
"../../../Engine/Plugins/Interchange/Runtime/Content/Materials/MapOrColorFunction.uexp" 784
"../../../Engine/Plugins/Interchange/Runtime/Content/Materials/CommonMaterial.uasset" 785
"../../../Engine/Plugins/Interchange/Runtime/Content/Materials/CommonMaterial.uexp" 786
"../../../Engine/Plugins/Interchange/Runtime/Content/Materials/PBRSurfaceFunction.uasset" 787
"../../../Engine/Plugins/Interchange/Runtime/Content/Materials/PBRSurfaceFunction.uexp" 788
"../../../Engine/Plugins/Interchange/Runtime/Content/Materials/ThinTranslucentMaterial.uasset" 789
"../../../Engine/Plugins/Interchange/Runtime/Content/Materials/ThinTranslucentMaterial.uexp" 790
"../../../Engine/Plugins/Interchange/Runtime/Content/Materials/SubsurfaceMaterial.uasset" 791
"../../../Engine/Plugins/Interchange/Runtime/Content/Materials/SubsurfaceMaterial.uexp" 792
"../../../Engine/Plugins/Interchange/Runtime/Content/Materials/SheenMaterial.uasset" 793
"../../../Engine/Plugins/Interchange/Runtime/Content/Materials/SheenMaterial.uexp" 794
"../../../Engine/Plugins/Interchange/Runtime/Content/Materials/PhongSurfaceMaterial.uasset" 795
"../../../Engine/Plugins/Interchange/Runtime/Content/Materials/PhongSurfaceMaterial.uexp" 796
"../../../Engine/Plugins/Interchange/Runtime/Content/Materials/PBRSurfaceMaterial.uasset" 797
"../../../Engine/Plugins/Interchange/Runtime/Content/Materials/PBRSurfaceMaterial.uexp" 798
"../../../Engine/Content/EngineMaterials/FlatNormal.uasset" 799
"../../../Engine/Content/EngineMaterials/FlatNormal.uexp" 800
"../../../Engine/Content/EditorLandscapeResources/WhiteSquareTexture.uasset" 801
"../../../Engine/Content/EditorLandscapeResources/WhiteSquareTexture.uexp" 802
"../../../Engine/Plugins/Interchange/Runtime/Content/Materials/OrenNayerMaterial.uasset" 803
"../../../Engine/Plugins/Interchange/Runtime/Content/Materials/OrenNayerMaterial.uexp" 804
"../../../Engine/Plugins/Interchange/Runtime/Content/Materials/LambertSurfaceMaterial.uasset" 805
"../../../Engine/Plugins/Interchange/Runtime/Content/Materials/LambertSurfaceMaterial.uexp" 806
"../../../Engine/Plugins/Interchange/Runtime/Content/Materials/ClearCoatMaterial.uasset" 807
"../../../Engine/Plugins/Interchange/Runtime/Content/Materials/ClearCoatMaterial.uexp" 808
"../../../Engine/Plugins/Interchange/Runtime/Content/Pipelines/DefaultTexturePipeline.uasset" 809
"../../../Engine/Plugins/Interchange/Runtime/Content/Pipelines/DefaultTexturePipeline.uexp" 810
"../../../Engine/Plugins/Interchange/Runtime/Content/Pipelines/DefaultSceneLevelPipeline.uasset" 811
"../../../Engine/Plugins/Interchange/Runtime/Content/Pipelines/DefaultSceneLevelPipeline.uexp" 812
"C:/Users/Maximo Gossen/Documents/Unreal Projects/MissionX/Content/TopDown/Blueprints/Titlegamemode.uasset" 813
"C:/Users/Maximo Gossen/Documents/Unreal Projects/MissionX/Content/TopDown/Blueprints/Titlegamemode.uexp" 814
"C:/Users/Maximo Gossen/Documents/Unreal Projects/MissionX/Content/UI/ZOMBIES_STATION.uexp" 815
"C:/Users/Maximo Gossen/Documents/Unreal Projects/MissionX/Content/UI/ZOMBIES_STATION.uasset" 816
"C:/Users/Maximo Gossen/Documents/Unreal Projects/MissionX/Content/UI/ZOMBIES_STATION.ufont" 817
"C:/Users/Maximo Gossen/Documents/Unreal Projects/MissionX/Content/UI/ZOMBIES_STATION_Font.uasset" 818
"C:/Users/Maximo Gossen/Documents/Unreal Projects/MissionX/Content/UI/ZOMBIES_STATION_Font.uexp" 819
"C:/Users/Maximo Gossen/Documents/Unreal Projects/MissionX/Content/UI/HighresScreenshot00000.uasset" 820
"C:/Users/Maximo Gossen/Documents/Unreal Projects/MissionX/Content/UI/HighresScreenshot00000.uexp" 821
"C:/Users/Maximo Gossen/Documents/Unreal Projects/MissionX/Content/UI/Titlescreen_WB.uasset" 822
"C:/Users/Maximo Gossen/Documents/Unreal Projects/MissionX/Content/UI/Titlescreen_WB.uexp" 823
"C:/Users/Maximo Gossen/Documents/Unreal Projects/MissionX/Content/AssetsvilleTown/Maps/TitleMap.uexp" 824
"C:/Users/Maximo Gossen/Documents/Unreal Projects/MissionX/Content/AssetsvilleTown/Maps/TitleMap.umap" 825
"../../../Engine/Content/Maps/Entry_BuiltData.uasset" 826
"../../../Engine/Content/Maps/Entry_BuiltData.uexp" 827
"../../../Engine/Content/Maps/Entry.uexp" 828
"../../../Engine/Content/Maps/Entry.umap" 829
